<?xml version="1.0" encoding="UTF-8"?>
<!-- Generated by org.testng.reporters.JUnitReportReporter -->
<testsuite hostname="Bobby-PC" failures="0" tests="1" name="P40.TestReportLog" time="9.044" errors="0" timestamp="04 Jun 2018 14:38:20 GMT" skipped="0">
  <testcase classname="P40.TestReportLog" name="testReport" time="9.044"/>
</testsuite> <!-- P40.TestReportLog -->
