<?xml version="1.0" encoding="UTF-8"?>
<!-- Generated by org.testng.reporters.JUnitReportReporter -->
<testsuite hostname="Bobby-PC" failures="0" tests="1" name="P40.FirstTestNGClass" time="3.832" errors="0" timestamp="04 Jun 2018 04:48:05 GMT" skipped="0">
  <testcase classname="P40.FirstTestNGClass" name="f" time="3.832"/>
</testsuite> <!-- P40.FirstTestNGClass -->
