<?xml version="1.0" encoding="UTF-8"?>
<!-- Generated by org.testng.reporters.JUnitReportReporter -->
<testsuite hostname="Bobby-PC" failures="0" tests="1" name="P40.TestWithPOM" time="4.200" errors="0" timestamp="04 Jun 2018 16:23:52 GMT" skipped="0">
  <testcase classname="P40.TestWithPOM" name="testLogin" time="4.200"/>
</testsuite> <!-- P40.TestWithPOM -->
