<?xml version="1.0" encoding="UTF-8"?>
<!-- Generated by org.testng.reporters.JUnitReportReporter -->
<testsuite hostname="Bobby-PC" failures="0" tests="2" name="P40.TestCrossBrowser" time="17.577" errors="0" timestamp="04 Jun 2018 05:23:09 GMT" skipped="0">
  <testcase classname="P40.TestCrossBrowser" name="startBrowser" time="8.603"/>
  <testcase classname="P40.TestCrossBrowser" name="startBrowser" time="8.974"/>
</testsuite> <!-- P40.TestCrossBrowser -->
