<?xml version="1.0" encoding="UTF-8"?>
<!-- Generated by org.testng.reporters.JUnitReportReporter -->
<testsuite hostname="Bobby-PC" failures="0" tests="1" name="POM.NonePom" time="5.120" errors="0" timestamp="04 Jun 2018 16:03:49 GMT" skipped="0">
  <testcase classname="POM.NonePom" name="testLogin" time="5.120"/>
</testsuite> <!-- POM.NonePom -->
