<?xml version="1.0" encoding="UTF-8"?>
<!-- Generated by org.testng.reporters.JUnitReportReporter -->
<testsuite hostname="Bobby-PC" failures="0" tests="2" name="P40.TestDDT1" time="31.445" errors="0" timestamp="06 Jun 2018 04:31:29 GMT" skipped="0">
  <testcase classname="P40.TestDDT1" name="TestLogin" time="14.248"/>
  <testcase classname="P40.TestDDT1" name="TestLogin" time="17.197"/>
</testsuite> <!-- P40.TestDDT1 -->
