<?xml version="1.0" encoding="UTF-8"?>
<!-- Generated by org.testng.reporters.JUnitReportReporter -->
<testsuite hostname="Bobby-PC" failures="0" tests="1" name="TestSuite.TestWithPOM" time="3.020" errors="0" timestamp="05 Jun 2018 22:48:46 GMT" skipped="0">
  <testcase classname="TestSuite.TestWithPOM" name="testLogin" time="3.020"/>
</testsuite> <!-- TestSuite.TestWithPOM -->
